{"C:\\Users\\Administrator\\Desktop\\BED1\\Projects\\Challenges\\solutions\\oddishEvenish.js": {"path":"C:\\Users\\Administrator\\Desktop\\BED1\\Projects\\Challenges\\solutions\\oddishEvenish.js","all":false,"statementMap":{"0":{"start":{"line":1,"column":0},"end":{"line":1,"column":38}},"1":{"start":{"line":2,"column":0},"end":{"line":2,"column":27}},"2":{"start":{"line":3,"column":0},"end":{"line":3,"column":17}},"3":{"start":{"line":4,"column":0},"end":{"line":4,"column":15}},"4":{"start":{"line":5,"column":0},"end":{"line":5,"column":0}},"5":{"start":{"line":6,"column":0},"end":{"line":6,"column":8}},"6":{"start":{"line":7,"column":0},"end":{"line":7,"column":15}},"7":{"start":{"line":8,"column":0},"end":{"line":8,"column":44}},"8":{"start":{"line":9,"column":0},"end":{"line":9,"column":0}},"9":{"start":{"line":10,"column":0},"end":{"line":10,"column":78}},"10":{"start":{"line":11,"column":0},"end":{"line":11,"column":0}},"11":{"start":{"line":12,"column":0},"end":{"line":12,"column":49}},"12":{"start":{"line":13,"column":0},"end":{"line":13,"column":0}},"13":{"start":{"line":14,"column":0},"end":{"line":14,"column":46}},"14":{"start":{"line":15,"column":0},"end":{"line":15,"column":0}},"15":{"start":{"line":16,"column":0},"end":{"line":16,"column":46}},"16":{"start":{"line":17,"column":0},"end":{"line":17,"column":1}},"17":{"start":{"line":18,"column":0},"end":{"line":18,"column":0}},"18":{"start":{"line":19,"column":0},"end":{"line":19,"column":0}},"19":{"start":{"line":20,"column":0},"end":{"line":20,"column":40}},"20":{"start":{"line":21,"column":0},"end":{"line":21,"column":23}},"21":{"start":{"line":22,"column":0},"end":{"line":22,"column":70}},"22":{"start":{"line":23,"column":0},"end":{"line":23,"column":92}},"23":{"start":{"line":24,"column":0},"end":{"line":24,"column":0}},"24":{"start":{"line":25,"column":0},"end":{"line":25,"column":49}},"25":{"start":{"line":26,"column":0},"end":{"line":26,"column":59}},"26":{"start":{"line":27,"column":0},"end":{"line":27,"column":0}},"27":{"start":{"line":28,"column":0},"end":{"line":28,"column":98}},"28":{"start":{"line":29,"column":0},"end":{"line":29,"column":52}},"29":{"start":{"line":30,"column":0},"end":{"line":30,"column":0}},"30":{"start":{"line":31,"column":0},"end":{"line":31,"column":44}},"31":{"start":{"line":32,"column":0},"end":{"line":32,"column":0}},"32":{"start":{"line":33,"column":0},"end":{"line":33,"column":15}},"33":{"start":{"line":34,"column":0},"end":{"line":34,"column":26}},"34":{"start":{"line":35,"column":0},"end":{"line":35,"column":28}},"35":{"start":{"line":36,"column":0},"end":{"line":36,"column":6}},"36":{"start":{"line":37,"column":0},"end":{"line":37,"column":23}},"37":{"start":{"line":38,"column":0},"end":{"line":38,"column":0}},"38":{"start":{"line":39,"column":0},"end":{"line":39,"column":47}},"39":{"start":{"line":40,"column":0},"end":{"line":40,"column":1}},"40":{"start":{"line":41,"column":0},"end":{"line":41,"column":0}},"41":{"start":{"line":42,"column":0},"end":{"line":42,"column":0}},"42":{"start":{"line":43,"column":0},"end":{"line":43,"column":40}},"43":{"start":{"line":44,"column":0},"end":{"line":44,"column":41}},"44":{"start":{"line":45,"column":0},"end":{"line":45,"column":42}},"45":{"start":{"line":46,"column":0},"end":{"line":46,"column":0}},"46":{"start":{"line":47,"column":0},"end":{"line":47,"column":42}},"47":{"start":{"line":48,"column":0},"end":{"line":48,"column":43}},"48":{"start":{"line":49,"column":0},"end":{"line":49,"column":44}},"49":{"start":{"line":50,"column":0},"end":{"line":50,"column":0}},"50":{"start":{"line":51,"column":0},"end":{"line":51,"column":39}},"51":{"start":{"line":52,"column":0},"end":{"line":52,"column":0}},"52":{"start":{"line":53,"column":0},"end":{"line":53,"column":39}}},"s":{"0":0,"1":0,"2":0,"3":0,"4":0,"5":0,"6":0,"7":0,"8":0,"9":0,"10":0,"11":0,"12":0,"13":0,"14":0,"15":0,"16":0,"17":1,"18":1,"19":12,"20":12,"21":12,"22":12,"23":5,"24":5,"25":12,"26":4,"27":4,"28":12,"29":3,"30":3,"31":3,"32":3,"33":3,"34":8,"35":3,"36":3,"37":3,"38":12,"39":12,"40":1,"41":1,"42":1,"43":1,"44":1,"45":1,"46":1,"47":1,"48":1,"49":1,"50":1,"51":1,"52":1},"branchMap":{"0":{"type":"branch","line":20,"loc":{"start":{"line":20,"column":0},"end":{"line":40,"column":1}},"locations":[{"start":{"line":20,"column":0},"end":{"line":40,"column":1}}]},"1":{"type":"branch","line":22,"loc":{"start":{"line":22,"column":14},"end":{"line":22,"column":43}},"locations":[{"start":{"line":22,"column":14},"end":{"line":22,"column":43}}]},"2":{"type":"branch","line":23,"loc":{"start":{"line":23,"column":8},"end":{"line":23,"column":92}},"locations":[{"start":{"line":23,"column":8},"end":{"line":23,"column":92}}]},"3":{"type":"branch","line":24,"loc":{"start":{"line":24,"column":-2},"end":{"line":26,"column":14}},"locations":[{"start":{"line":24,"column":-2},"end":{"line":26,"column":14}}]},"4":{"type":"branch","line":26,"loc":{"start":{"line":26,"column":8},"end":{"line":26,"column":59}},"locations":[{"start":{"line":26,"column":8},"end":{"line":26,"column":59}}]},"5":{"type":"branch","line":27,"loc":{"start":{"line":27,"column":-2},"end":{"line":29,"column":14}},"locations":[{"start":{"line":27,"column":-2},"end":{"line":29,"column":14}}]},"6":{"type":"branch","line":29,"loc":{"start":{"line":29,"column":8},"end":{"line":29,"column":52}},"locations":[{"start":{"line":29,"column":8},"end":{"line":29,"column":52}}]},"7":{"type":"branch","line":30,"loc":{"start":{"line":30,"column":-2},"end":{"line":39,"column":27}},"locations":[{"start":{"line":30,"column":-2},"end":{"line":39,"column":27}}]},"8":{"type":"branch","line":39,"loc":{"start":{"line":39,"column":24},"end":{"line":39,"column":36}},"locations":[{"start":{"line":39,"column":24},"end":{"line":39,"column":36}}]},"9":{"type":"branch","line":39,"loc":{"start":{"line":39,"column":36},"end":{"line":39,"column":47}},"locations":[{"start":{"line":39,"column":36},"end":{"line":39,"column":47}}]},"10":{"type":"branch","line":34,"loc":{"start":{"line":34,"column":18},"end":{"line":36,"column":5}},"locations":[{"start":{"line":34,"column":18},"end":{"line":36,"column":5}}]}},"b":{"0":[12],"1":[7],"2":[7],"3":[5],"4":[1],"5":[4],"6":[1],"7":[3],"8":[2],"9":[1],"10":[8]},"fnMap":{"0":{"name":"oddishEvenishNumeric","decl":{"start":{"line":1,"column":0},"end":{"line":17,"column":1}},"loc":{"start":{"line":1,"column":0},"end":{"line":17,"column":1}},"line":1},"1":{"name":"oddishEvenishStringNum","decl":{"start":{"line":20,"column":0},"end":{"line":40,"column":1}},"loc":{"start":{"line":20,"column":0},"end":{"line":40,"column":1}},"line":20}},"f":{"0":0,"1":12}}
}
