TN:
SF:solutions\oddishEvenish.js
FN:1,oddishEvenishNumeric
FN:20,oddishEvenishStringNum
FNF:2
FNH:1
FNDA:0,oddishEvenishNumeric
FNDA:12,oddishEvenishStringNum
DA:1,0
DA:2,0
DA:3,0
DA:4,0
DA:5,0
DA:6,0
DA:7,0
DA:8,0
DA:9,0
DA:10,0
DA:11,0
DA:12,0
DA:13,0
DA:14,0
DA:15,0
DA:16,0
DA:17,0
DA:18,1
DA:19,1
DA:20,12
DA:21,12
DA:22,12
DA:23,12
DA:24,5
DA:25,5
DA:26,12
DA:27,4
DA:28,4
DA:29,12
DA:30,3
DA:31,3
DA:32,3
DA:33,3
DA:34,3
DA:35,8
DA:36,3
DA:37,3
DA:38,3
DA:39,12
DA:40,12
DA:41,1
DA:42,1
DA:43,1
DA:44,1
DA:45,1
DA:46,1
DA:47,1
DA:48,1
DA:49,1
DA:50,1
DA:51,1
DA:52,1
DA:53,1
LF:53
LH:36
BRDA:20,0,0,12
BRDA:22,1,0,7
BRDA:23,2,0,7
BRDA:24,3,0,5
BRDA:26,4,0,1
BRDA:27,5,0,4
BRDA:29,6,0,1
BRDA:30,7,0,3
BRDA:39,8,0,2
BRDA:39,9,0,1
BRDA:34,10,0,8
BRF:11
BRH:11
end_of_record
